<?xml version="1.0" encoding="UTF-8"?>
<!-- Generated by org.testng.reporters.JUnitXMLReporter -->
<testsuite hostname="A2ML16237" name="Test" tests="4" failures="0" timestamp="18 Aug 2017 13:36:09 GMT" time="0.187" errors="0">
  <testcase name="@BeforeTest preCondition" time="0.0" classname="com.dotnetscripts.DisplayLoginPage">
    <failure type="java.lang.IllegalStateException" message="The driver executable does not exist: D:\CAPE\selenium-test\chromedriver.exe">
      <![CDATA[java.lang.IllegalStateException: The driver executable does not exist: D:\CAPE\selenium-test\chromedriver.exe
	at com.google.common.base.Preconditions.checkState(Preconditions.java:199)
	at org.openqa.selenium.remote.service.DriverService.checkExecutable(DriverService.java:121)
	at org.openqa.selenium.remote.service.DriverService.findExecutable(DriverService.java:116)
	at org.openqa.selenium.chrome.ChromeDriverService.access$0(ChromeDriverService.java:1)
	at org.openqa.selenium.chrome.ChromeDriverService$Builder.findDefaultExecutable(ChromeDriverService.java:137)
	at org.openqa.selenium.remote.service.DriverService$Builder.build(DriverService.java:296)
	at org.openqa.selenium.chrome.ChromeDriverService.createDefaultService(ChromeDriverService.java:88)
	at org.openqa.selenium.chrome.ChromeDriver.<init>(ChromeDriver.java:138)
	at com.canvashomepage.scripts.BaseTest.preCondition(BaseTest.java:66)
	at com.dotnetscripts.CallTestNG.main(CallTestNG.java:17)
... Removed 20 stack frames]]>
    </failure>
  </testcase> <!-- @BeforeTest preCondition -->
  <testcase name="@AfterTest closeExcel" time="0.0" classname="com.dotnetscripts.DisplayLoginPage">
    <skipped/>
  </testcase> <!-- @AfterTest closeExcel -->
  <testcase name="@AfterTest postCondition" time="0.0" classname="com.dotnetscripts.DisplayLoginPage">
    <skipped/>
  </testcase> <!-- @AfterTest postCondition -->
  <testcase name="testDisplayLoginPage" time="0.0" classname="com.dotnetscripts.DisplayLoginPage">
    <skipped/>
  </testcase> <!-- testDisplayLoginPage -->
  <testcase name="testDisplayRegisterPage" time="0.0" classname="com.dotnetscripts.DisplayRegisterPage">
    <skipped/>
  </testcase> <!-- testDisplayRegisterPage -->
  <testcase name="testDisplayContactPage" time="0.0" classname="com.dotnetscripts.DisplayContactPage">
    <skipped/>
  </testcase> <!-- testDisplayContactPage -->
  <testcase name="testDisplayAboutPage" time="0.0" classname="com.dotnetscripts.DisplayAboutPage">
    <skipped/>
  </testcase> <!-- testDisplayAboutPage -->
</testsuite> <!-- Test -->
