<?xml version="1.0" encoding="UTF-8"?>
<testng-results skipped="4" failed="0" total="4" passed="0">
  <reporter-output>
    <line>
      <![CDATA[Chrome Browser is opened]]>
    </line>
  </reporter-output>
  <suite name="Suite" duration-ms="5027" started-at="2017-08-18T13:23:40Z" finished-at="2017-08-18T13:23:45Z">
    <groups>
    </groups>
    <test name="Test" duration-ms="5027" started-at="2017-08-18T13:23:40Z" finished-at="2017-08-18T13:23:45Z">
      <class name="com.dotnetscripts.DisplayContactPage">
        <test-method status="SKIP" signature="testDisplayContactPage()[pri:0, instance:com.dotnetscripts.DisplayContactPage@6a38e57f]" name="testDisplayContactPage" duration-ms="0" started-at="2017-08-18T18:53:45Z" finished-at="2017-08-18T18:53:45Z">
          <reporter-output>
          </reporter-output>
        </test-method> <!-- testDisplayContactPage -->
      </class> <!-- com.dotnetscripts.DisplayContactPage -->
      <class name="com.dotnetscripts.DisplayLoginPage">
        <test-method status="PASS" signature="openExcel()[pri:0, instance:com.dotnetscripts.DisplayLoginPage@3caeaf62]" name="openExcel" is-config="true" duration-ms="141" started-at="2017-08-18T18:53:40Z" finished-at="2017-08-18T18:53:40Z">
          <reporter-output>
          </reporter-output>
        </test-method> <!-- openExcel -->
        <test-method status="FAIL" signature="preCondition()[pri:0, instance:com.dotnetscripts.DisplayLoginPage@3caeaf62]" name="preCondition" is-config="true" duration-ms="0" started-at="2017-08-18T18:53:40Z" finished-at="2017-08-18T18:53:40Z">
          <exception class="org.openqa.selenium.WebDriverException">
            <message>
              <![CDATA[unknown error: unhandled inspector error: {"code":-32000,"message":"Cannot navigate to invalid URL"}
  (Session info: chrome=60.0.3112.101)
  (Driver info: chromedriver=2.29.461591 (62ebf098771772160f391d75e589dc567915b233),platform=Windows NT 10.0.10586 x86_64) (WARNING: The server did not provide any stacktrace information)
Command duration or timeout: 190 milliseconds
Build info: version: '2.53.1', revision: 'a36b8b1', time: '2016-06-30 17:37:03'
System info: host: 'A2ML16237', ip: '10.52.12.112', os.name: 'Windows 10', os.arch: 'amd64', os.version: '10.0', java.version: '1.8.0_102'
Driver info: org.openqa.selenium.chrome.ChromeDriver
Capabilities [{applicationCacheEnabled=false, rotatable=false, mobileEmulationEnabled=false, networkConnectionEnabled=false, chrome={chromedriverVersion=2.29.461591 (62ebf098771772160f391d75e589dc567915b233), userDataDir=C:\Users\m1021092\AppData\Local\Temp\scoped_dir7432_28733}, takesHeapSnapshot=true, pageLoadStrategy=normal, databaseEnabled=false, handlesAlerts=true, hasTouchScreen=false, version=60.0.3112.101, platform=XP, browserConnectionEnabled=false, nativeEvents=true, acceptSslCerts=true, locationContextEnabled=true, webStorageEnabled=true, browserName=chrome, takesScreenshot=true, javascriptEnabled=true, cssSelectorsEnabled=true, unexpectedAlertBehaviour=}]
Session ID: 4aae7122b57eaea20e79f136f70d3ed6]]>
            </message>
            <full-stacktrace>
              <![CDATA[org.openqa.selenium.WebDriverException: unknown error: unhandled inspector error: {"code":-32000,"message":"Cannot navigate to invalid URL"}
  (Session info: chrome=60.0.3112.101)
  (Driver info: chromedriver=2.29.461591 (62ebf098771772160f391d75e589dc567915b233),platform=Windows NT 10.0.10586 x86_64) (WARNING: The server did not provide any stacktrace information)
Command duration or timeout: 190 milliseconds
Build info: version: '2.53.1', revision: 'a36b8b1', time: '2016-06-30 17:37:03'
System info: host: 'A2ML16237', ip: '10.52.12.112', os.name: 'Windows 10', os.arch: 'amd64', os.version: '10.0', java.version: '1.8.0_102'
Driver info: org.openqa.selenium.chrome.ChromeDriver
Capabilities [{applicationCacheEnabled=false, rotatable=false, mobileEmulationEnabled=false, networkConnectionEnabled=false, chrome={chromedriverVersion=2.29.461591 (62ebf098771772160f391d75e589dc567915b233), userDataDir=C:\Users\m1021092\AppData\Local\Temp\scoped_dir7432_28733}, takesHeapSnapshot=true, pageLoadStrategy=normal, databaseEnabled=false, handlesAlerts=true, hasTouchScreen=false, version=60.0.3112.101, platform=XP, browserConnectionEnabled=false, nativeEvents=true, acceptSslCerts=true, locationContextEnabled=true, webStorageEnabled=true, browserName=chrome, takesScreenshot=true, javascriptEnabled=true, cssSelectorsEnabled=true, unexpectedAlertBehaviour=}]
Session ID: 4aae7122b57eaea20e79f136f70d3ed6
	at sun.reflect.NativeConstructorAccessorImpl.newInstance0(Native Method)
	at sun.reflect.NativeConstructorAccessorImpl.newInstance(Unknown Source)
	at sun.reflect.DelegatingConstructorAccessorImpl.newInstance(Unknown Source)
	at java.lang.reflect.Constructor.newInstance(Unknown Source)
	at org.openqa.selenium.remote.ErrorHandler.createThrowable(ErrorHandler.java:206)
	at org.openqa.selenium.remote.ErrorHandler.throwIfResponseFailed(ErrorHandler.java:158)
	at org.openqa.selenium.remote.RemoteWebDriver.execute(RemoteWebDriver.java:678)
	at org.openqa.selenium.remote.RemoteWebDriver.get(RemoteWebDriver.java:316)
	at com.canvashomepage.scripts.BaseTest.preCondition(BaseTest.java:84)
	at sun.reflect.NativeMethodAccessorImpl.invoke0(Native Method)
	at sun.reflect.NativeMethodAccessorImpl.invoke(Unknown Source)
	at sun.reflect.DelegatingMethodAccessorImpl.invoke(Unknown Source)
	at java.lang.reflect.Method.invoke(Unknown Source)
	at org.testng.internal.MethodInvocationHelper.invokeMethod(MethodInvocationHelper.java:100)
	at org.testng.internal.Invoker.invokeConfigurationMethod(Invoker.java:515)
	at org.testng.internal.Invoker.invokeConfigurations(Invoker.java:216)
	at org.testng.internal.Invoker.invokeConfigurations(Invoker.java:143)
	at org.testng.TestRunner.beforeRun(TestRunner.java:624)
	at org.testng.TestRunner.run(TestRunner.java:592)
	at org.testng.SuiteRunner.runTest(SuiteRunner.java:366)
	at org.testng.SuiteRunner.runSequentially(SuiteRunner.java:361)
	at org.testng.SuiteRunner.privateRun(SuiteRunner.java:319)
	at org.testng.SuiteRunner.run(SuiteRunner.java:268)
	at org.testng.SuiteRunnerWorker.runSuite(SuiteRunnerWorker.java:52)
	at org.testng.SuiteRunnerWorker.run(SuiteRunnerWorker.java:86)
	at org.testng.TestNG.runSuitesSequentially(TestNG.java:1264)
	at org.testng.TestNG.runSuitesLocally(TestNG.java:1189)
	at org.testng.TestNG.runSuites(TestNG.java:1104)
	at org.testng.TestNG.run(TestNG.java:1076)
	at com.dotnetscripts.CallTestNG.main(CallTestNG.java:17)
]]>
            </full-stacktrace>
          </exception> <!-- org.openqa.selenium.WebDriverException -->
          <reporter-output>
            <line>
              <![CDATA[Chrome Browser is opened]]>
            </line>
          </reporter-output>
        </test-method> <!-- preCondition -->
        <test-method status="SKIP" signature="testDisplayLoginPage()[pri:0, instance:com.dotnetscripts.DisplayLoginPage@3caeaf62]" name="testDisplayLoginPage" duration-ms="0" started-at="2017-08-18T18:53:45Z" finished-at="2017-08-18T18:53:45Z">
          <reporter-output>
          </reporter-output>
        </test-method> <!-- testDisplayLoginPage -->
        <test-method status="SKIP" signature="closeExcel()[pri:0, instance:com.dotnetscripts.DisplayLoginPage@3caeaf62]" name="closeExcel" is-config="true" duration-ms="0" started-at="2017-08-18T18:53:45Z" finished-at="2017-08-18T18:53:45Z">
          <reporter-output>
          </reporter-output>
        </test-method> <!-- closeExcel -->
        <test-method status="SKIP" signature="postCondition()[pri:0, instance:com.dotnetscripts.DisplayLoginPage@3caeaf62]" name="postCondition" is-config="true" duration-ms="0" started-at="2017-08-18T18:53:45Z" finished-at="2017-08-18T18:53:45Z">
          <reporter-output>
          </reporter-output>
        </test-method> <!-- postCondition -->
      </class> <!-- com.dotnetscripts.DisplayLoginPage -->
      <class name="com.dotnetscripts.DisplayRegisterPage">
        <test-method status="SKIP" signature="testDisplayRegisterPage()[pri:0, instance:com.dotnetscripts.DisplayRegisterPage@e6ea0c6]" name="testDisplayRegisterPage" duration-ms="0" started-at="2017-08-18T18:53:45Z" finished-at="2017-08-18T18:53:45Z">
          <reporter-output>
          </reporter-output>
        </test-method> <!-- testDisplayRegisterPage -->
      </class> <!-- com.dotnetscripts.DisplayRegisterPage -->
      <class name="com.dotnetscripts.DisplayAboutPage">
        <test-method status="SKIP" signature="testDisplayAboutPage()[pri:0, instance:com.dotnetscripts.DisplayAboutPage@5577140b]" name="testDisplayAboutPage" duration-ms="0" started-at="2017-08-18T18:53:45Z" finished-at="2017-08-18T18:53:45Z">
          <reporter-output>
          </reporter-output>
        </test-method> <!-- testDisplayAboutPage -->
      </class> <!-- com.dotnetscripts.DisplayAboutPage -->
    </test> <!-- Test -->
  </suite> <!-- Suite -->
</testng-results>
